<?xml version="1.0" encoding="UTF-8"?>
<testsuite xmlns:xsi="http://www.w3.org/2001/XMLSchema-instance" xsi:noNamespaceSchemaLocation="https://maven.apache.org/surefire/maven-surefire-plugin/xsd/surefire-test-report.xsd" version="3.0.1" name="dev.andrylat.app.AppTest" time="0.083" tests="10" errors="0" skipped="0" failures="0">
  <properties>
[...]
</properties>
  <testcase name="shouldReturnStringBuilderThatContainsOneErrorDescribingLength" classname="dev.andrylat.app.AppTest" time="0.026">
    <system-out><![CDATA[Hello. Enter card number for validation:
]]></system-out>
  </testcase>
  <testcase name="shouldReturnStringBuilderThatContainsOneErrorDescribingPaymentSystem" classname="dev.andrylat.app.AppTest" time="0.007">
    <system-out><![CDATA[Hello. Enter card number for validation:
]]></system-out>
  </testcase>
  <testcase name="shouldReturnFalse" classname="dev.andrylat.app.AppTest" time="0.001">
    <system-out><![CDATA[Hello. Enter card number for validation:
]]></system-out>
  </testcase>
  <testcase name="shouldReturnEmptyList" classname="dev.andrylat.app.AppTest" time="0.001">
    <system-out><![CDATA[Hello. Enter card number for validation:
]]></system-out>
  </testcase>
  <testcase name="shouldReturnStringBuilderThatContainsTwoErrors" classname="dev.andrylat.app.AppTest" time="0.002">
    <system-out><![CDATA[Hello. Enter card number for validation:
]]></system-out>
  </testcase>
  <testcase name="shouldReturnListThatContains16Ints" classname="dev.andrylat.app.AppTest" time="0.002">
    <system-out><![CDATA[Hello. Enter card number for validation:
]]></system-out>
  </testcase>
  <testcase name="shouldReturnTrue" classname="dev.andrylat.app.AppTest" time="0.002">
    <system-out><![CDATA[Hello. Enter card number for validation:
]]></system-out>
  </testcase>
  <testcase name="shouldReturnEmptyStringBuilder" classname="dev.andrylat.app.AppTest" time="0.002">
    <system-out><![CDATA[Hello. Enter card number for validation:
]]></system-out>
  </testcase>
  <testcase name="shouldReturnListThatContains3Ints" classname="dev.andrylat.app.AppTest" time="0.001">
    <system-out><![CDATA[Hello. Enter card number for validation:
]]></system-out>
  </testcase>
  <testcase name="shouldReturnStringBuilderThatContainsThreeErrors" classname="dev.andrylat.app.AppTest" time="0.001">
    <system-out><![CDATA[Hello. Enter card number for validation:
]]></system-out>
  </testcase>
</testsuite>